#
# There is insufficient memory for the Java Runtime Environment to continue.
# Native memory allocation (mmap) failed to map 4030464 bytes for G1 virtual space
# Possible reasons:
#   The system is out of physical RAM or swap space
#   The process is running with CompressedOops enabled, and the Java Heap may be blocking the growth of the native heap
# Possible solutions:
#   Reduce memory load on the system
#   Increase physical memory or swap space
#   Check if swap backing store is full
#   Decrease Java heap size (-Xmx/-Xms)
#   Decrease number of Java threads
#   Decrease Java thread stack sizes (-Xss)
#   Set larger code cache with -XX:ReservedCodeCacheSize=
#   JVM is running with Zero Based Compressed Oops mode in which the Java heap is
#     placed in the first 32GB address space. The Java Heap base address is the
#     maximum limit for the native heap growth. Please use -XX:HeapBaseMinAddress
#     to set the Java Heap base and to place the Java Heap above 32GB virtual address.
# This output file may be truncated or incomplete.
#
#  Out of Memory Error (os_windows.cpp:3548), pid=468, tid=20776
#
# JRE version:  (17.0.12+8) (build )
# Java VM: Java HotSpot(TM) 64-Bit Server VM (17.0.12+8-LTS-286, mixed mode, sharing, tiered, compressed oops, compressed class ptrs, g1 gc, windows-amd64)
# No core dump will be written. Minidumps are not enabled by default on client versions of Windows
#

---------------  S U M M A R Y ------------

Command Line: -Dmaven.multiModuleProjectDirectory=E:\TaobaoConsultationTool -Djansi.passthrough=true -Dmaven.home=F:/IDEA-Ultimate/IntelliJ IDEA 2025.1.3/plugins/maven/lib/maven3 -Dclassworlds.conf=F:\IDEA-Ultimate\IntelliJ IDEA 2025.1.3\plugins\maven\lib\maven3\bin\m2.conf -Dmaven.ext.class.path=F:\IDEA-Ultimate\IntelliJ IDEA 2025.1.3\plugins\maven\lib\maven-event-listener.jar -javaagent:F:\IDEA-Ultimate\IntelliJ IDEA 2025.1.3\lib\idea_rt.jar=63801 -Dfile.encoding=UTF-8 org.codehaus.classworlds.Launcher -Didea.version=2025.1.4.1 clean

Host: AMD Ryzen 7 4800H with Radeon Graphics         , 16 cores, 15G,  Windows 10 , 64 bit Build 19041 (10.0.19041.5678)
Time: Sat Aug 16 15:40:00 2025  Windows 10 , 64 bit Build 19041 (10.0.19041.5678) elapsed time: 0.030646 seconds (0d 0h 0m 0s)

---------------  T H R E A D  ---------------

Current thread (0x0000028d2d67ef90):  JavaThread "Unknown thread" [_thread_in_vm, id=20776, stack(0x000000a053400000,0x000000a053500000)]

Stack: [0x000000a053400000,0x000000a053500000]
Native frames: (J=compiled Java code, j=interpreted, Vv=VM code, C=native code)
V  [jvm.dll+0x67a04a]
V  [jvm.dll+0x7da4ed]
V  [jvm.dll+0x7dbe33]
V  [jvm.dll+0x7dc4a3]
V  [jvm.dll+0x24508f]
V  [jvm.dll+0x677089]
V  [jvm.dll+0x66bd32]
V  [jvm.dll+0x301fa6]
V  [jvm.dll+0x309546]
V  [jvm.dll+0x359d58]
V  [jvm.dll+0x359f5f]
V  [jvm.dll+0x2d9078]
V  [jvm.dll+0x2d9fe4]
V  [jvm.dll+0x7aca21]
V  [jvm.dll+0x367591]
V  [jvm.dll+0x78b999]
V  [jvm.dll+0x3ec83f]
V  [jvm.dll+0x3ee471]
C  [jli.dll+0x5297]
C  [ucrtbase.dll+0x21bb2]
C  [KERNEL32.DLL+0x17374]
C  [ntdll.dll+0x4cc91]


---------------  P R O C E S S  ---------------

Threads class SMR info:
_java_thread_list=0x00007ffcc8667a18, length=0, elements={
}

Java Threads: ( => current thread )

Other Threads:
  0x0000028d2d6e8080 GCTaskThread "GC Thread#0" [stack: 0x000000a053500000,0x000000a053600000] [id=21824]
  0x0000028d2d6f84d0 ConcurrentGCThread "G1 Main Marker" [stack: 0x000000a053600000,0x000000a053700000] [id=19004]
  0x0000028d2d6f8de0 ConcurrentGCThread "G1 Conc#0" [stack: 0x000000a053700000,0x000000a053800000] [id=9908]

[error occurred during error reporting (printing all threads), id 0xc0000005, EXCEPTION_ACCESS_VIOLATION (0xc0000005) at pc=0x00007ffcc7e99b67]

VM state: not at safepoint (not fully initialized)

VM Mutex/Monitor currently owned by a thread:  ([mutex/lock_event])
[0x0000028d2d67b920] Heap_lock - owner thread: 0x0000028d2d67ef90

Heap address: 0x000000070a000000, size: 3936 MB, Compressed Oops mode: Zero based, Oop shift amount: 3

CDS archive(s) mapped at: [0x0000000000000000-0x0000000000000000-0x0000000000000000), size 0, SharedBaseAddress: 0x0000000800000000, ArchiveRelocationMode: 1.
Narrow klass base: 0x0000000000000000, Narrow klass shift: 0, Narrow klass range: 0x0

GC Precious Log:
<Empty>

Heap:
 garbage-first heap   total 0K, used 0K [0x000000070a000000, 0x0000000800000000)
  region size 2048K, 0 young (0K), 0 survivors (0K)

[error occurred during error reporting (printing heap information), id 0xc0000005, EXCEPTION_ACCESS_VIOLATION (0xc0000005) at pc=0x00007ffcc8283859]

GC Heap History (0 events):
No events

Deoptimization events (0 events):
No events

Classes unloaded (0 events):
No events

Classes redefined (0 events):
No events

Internal exceptions (0 events):
No events

VM Operations (0 events):
No events

Events (1 events):
Event: 0.020 Loaded shared library D:\JDK17\bin\java.dll


Dynamic libraries:
0x00007ff731730000 - 0x00007ff731740000 	D:\JDK17\bin\java.exe
0x00007ffd1c090000 - 0x00007ffd1c288000 	C:\WINDOWS\SYSTEM32\ntdll.dll
0x00007ffd1bf80000 - 0x00007ffd1c042000 	C:\WINDOWS\System32\KERNEL32.DLL
0x00007ffd198d0000 - 0x00007ffd19bc6000 	C:\WINDOWS\System32\KERNELBASE.dll
0x00007ffd19f30000 - 0x00007ffd1a030000 	C:\WINDOWS\System32\ucrtbase.dll
0x00007ffd0b7f0000 - 0x00007ffd0b809000 	D:\JDK17\bin\jli.dll
0x00007ffd0a5b0000 - 0x00007ffd0a5cb000 	D:\JDK17\bin\VCRUNTIME140.dll
0x00007ffd1b810000 - 0x00007ffd1b8bf000 	C:\WINDOWS\System32\ADVAPI32.dll
0x00007ffd1bd30000 - 0x00007ffd1bdce000 	C:\WINDOWS\System32\msvcrt.dll
0x00007ffd1b9f0000 - 0x00007ffd1ba8f000 	C:\WINDOWS\System32\sechost.dll
0x00007ffd1a970000 - 0x00007ffd1aa93000 	C:\WINDOWS\System32\RPCRT4.dll
0x00007ffd1a030000 - 0x00007ffd1a057000 	C:\WINDOWS\System32\bcrypt.dll
0x00007ffd1a3c0000 - 0x00007ffd1a55d000 	C:\WINDOWS\System32\USER32.dll
0x00007ffd19d30000 - 0x00007ffd19d52000 	C:\WINDOWS\System32\win32u.dll
0x00007ffd1a940000 - 0x00007ffd1a96b000 	C:\WINDOWS\System32\GDI32.dll
0x00007ffd19d60000 - 0x00007ffd19e7a000 	C:\WINDOWS\System32\gdi32full.dll
0x00007ffd197b0000 - 0x00007ffd1984d000 	C:\WINDOWS\System32\msvcp_win.dll
0x00007ffd0e780000 - 0x00007ffd0ea1a000 	C:\WINDOWS\WinSxS\amd64_microsoft.windows.common-controls_6595b64144ccf1df_6.0.19041.4355_none_60b8b9eb71f62e16\COMCTL32.dll
0x00007ffd19230000 - 0x00007ffd1923a000 	C:\WINDOWS\SYSTEM32\VERSION.dll
0x00007ffd1b7e0000 - 0x00007ffd1b80f000 	C:\WINDOWS\System32\IMM32.DLL
0x0000000074f50000 - 0x0000000074f5d000 	C:\Program Files (x86)\360\360Safe\safemon\SafeWrapper.dll
0x00007ffd128e0000 - 0x00007ffd129e5000 	C:\Program Files (x86)\360\360Safe\safemon\libzdtp64.dll
0x00007ffd1af30000 - 0x00007ffd1b69f000 	C:\WINDOWS\System32\SHELL32.dll
0x00007ffd1b8c0000 - 0x00007ffd1b915000 	C:\WINDOWS\System32\SHLWAPI.dll
0x00007ffd168f0000 - 0x00007ffd168fc000 	D:\JDK17\bin\vcruntime140_1.dll
0x00007ffced4f0000 - 0x00007ffced57e000 	D:\JDK17\bin\msvcp140.dll
0x00007ffcc7bb0000 - 0x00007ffcc8790000 	D:\JDK17\bin\server\jvm.dll
0x00007ffd1aaa0000 - 0x00007ffd1aaa8000 	C:\WINDOWS\System32\PSAPI.DLL
0x00007ffcff1a0000 - 0x00007ffcff1a9000 	C:\WINDOWS\SYSTEM32\WSOCK32.dll
0x00007ffd1bcc0000 - 0x00007ffd1bd2b000 	C:\WINDOWS\System32\WS2_32.dll
0x00007ffd0ebd0000 - 0x00007ffd0ebf7000 	C:\WINDOWS\SYSTEM32\WINMM.dll
0x00007ffd17ec0000 - 0x00007ffd17ed2000 	C:\WINDOWS\SYSTEM32\kernel.appcore.dll
0x00007ffd11500000 - 0x00007ffd1150a000 	D:\JDK17\bin\jimage.dll
0x00007ffd17b30000 - 0x00007ffd17d14000 	C:\WINDOWS\SYSTEM32\DBGHELP.DLL
0x00007ffd028c0000 - 0x00007ffd028f4000 	C:\WINDOWS\SYSTEM32\dbgcore.DLL
0x00007ffd19720000 - 0x00007ffd197a2000 	C:\WINDOWS\System32\bcryptPrimitives.dll
0x00007ffd0b870000 - 0x00007ffd0b87e000 	D:\JDK17\bin\instrument.dll
0x00007ffd0a580000 - 0x00007ffd0a5a5000 	D:\JDK17\bin\java.dll

dbghelp: loaded successfully - version: 4.0.5 - missing functions: none
symbol engine: initialized successfully - sym options: 0x614 - pdb path: .;D:\JDK17\bin;C:\WINDOWS\SYSTEM32;C:\WINDOWS\WinSxS\amd64_microsoft.windows.common-controls_6595b64144ccf1df_6.0.19041.4355_none_60b8b9eb71f62e16;C:\Program Files (x86)\360\360Safe\safemon;D:\JDK17\bin\server

VM Arguments:
jvm_args: -Dmaven.multiModuleProjectDirectory=E:\TaobaoConsultationTool -Djansi.passthrough=true -Dmaven.home=F:/IDEA-Ultimate/IntelliJ IDEA 2025.1.3/plugins/maven/lib/maven3 -Dclassworlds.conf=F:\IDEA-Ultimate\IntelliJ IDEA 2025.1.3\plugins\maven\lib\maven3\bin\m2.conf -Dmaven.ext.class.path=F:\IDEA-Ultimate\IntelliJ IDEA 2025.1.3\plugins\maven\lib\maven-event-listener.jar -javaagent:F:\IDEA-Ultimate\IntelliJ IDEA 2025.1.3\lib\idea_rt.jar=63801 -Dfile.encoding=UTF-8 
java_command: org.codehaus.classworlds.Launcher -Didea.version=2025.1.4.1 clean
java_class_path (initial): F:\IDEA-Ultimate\IntelliJ IDEA 2025.1.3\plugins\maven\lib\maven3\boot\plexus-classworlds-2.8.0.jar;F:\IDEA-Ultimate\IntelliJ IDEA 2025.1.3\plugins\maven\lib\maven3\boot\plexus-classworlds.license
Launcher Type: SUN_STANDARD

[Global flags]
     intx CICompilerCount                          = 12                                        {product} {ergonomic}
     uint ConcGCThreads                            = 3                                         {product} {ergonomic}
     uint G1ConcRefinementThreads                  = 13                                        {product} {ergonomic}
   size_t G1HeapRegionSize                         = 2097152                                   {product} {ergonomic}
    uintx GCDrainStackTargetSize                   = 64                                        {product} {ergonomic}
   size_t InitialHeapSize                          = 257949696                                 {product} {ergonomic}
   size_t MarkStackSize                            = 4194304                                   {product} {ergonomic}
   size_t MaxHeapSize                              = 4127195136                                {product} {ergonomic}
   size_t MinHeapDeltaBytes                        = 2097152                                   {product} {ergonomic}
   size_t MinHeapSize                              = 8388608                                   {product} {ergonomic}
    uintx NonNMethodCodeHeapSize                   = 7602480                                {pd product} {ergonomic}
    uintx NonProfiledCodeHeapSize                  = 122027880                              {pd product} {ergonomic}
    uintx ProfiledCodeHeapSize                     = 122027880                              {pd product} {ergonomic}
    uintx ReservedCodeCacheSize                    = 251658240                              {pd product} {ergonomic}
     bool SegmentedCodeCache                       = true                                      {product} {ergonomic}
   size_t SoftMaxHeapSize                          = 4127195136                             {manageable} {ergonomic}
     bool UseCompressedClassPointers               = true                           {product lp64_product} {ergonomic}
     bool UseCompressedOops                        = true                           {product lp64_product} {ergonomic}
     bool UseG1GC                                  = true                                      {product} {ergonomic}
     bool UseLargePagesIndividualAllocation        = false                                  {pd product} {ergonomic}

Logging:
Log output configuration:
 #0: stdout all=warning uptime,level,tags
 #1: stderr all=off uptime,level,tags

Environment Variables:
JAVA_HOME=D:\JDK17
CLASSPATH=.;D:\JDK17\lib;D:\JDK17\lib\tools.jar
PATH=F:\VM-centos7\bin\;C:\Program Files\Common Files\Oracle\Java\javapath;D:\python 3.9.10\Scripts\;D:\python 3.9.10\;D:\MySql\mysql-8.0.30-winx64\mysql-8.0.30-winx64\bin;C:\WINDOWS\system32;C:\WINDOWS;C:\WINDOWS\System32\Wbem;C:\WINDOWS\System32\WindowsPowerShell\v1.0\;C:\WINDOWS\System32\OpenSSH\;E:\sumo\sumo-win64-1.8.0\sumo-1.8.0\tools;E:\sumo\sumo-win64-1.8.0\sumo-1.8.0;E:\sumo\sumo-win64-1.8.0\sumo-1.8.0\bin;D:\opencv\opencv\build\x64\vc15\bin;D:\opencv\opencv\build\x64\vc14\bin;C:\Program Files\dotnet\;C:\Program Files\NVIDIA Corporation\NVSMI;D:\Git\cmd;F:\Anaconda;F:\Anaconda\Scripts;F:\Anaconda\Library\bin;F:\Anaconda\Library\usr\bin;F:\Anaconda\Library\mingw-w64\bin;C:\Users\10636\AppData\Roaming\Python\Python39\Scripts;F:\Anaconda;F:\Anaconda\Scripts;F:\Anaconda\Library\bin;F:\nodejs\;F:\nodejs\node_modules;F:\nodejs\node_cache;F:\nodejs\node_global;D:\MySql\MySQL Server 8.0\bin;F:\apache-jmeter-5.6.3\apache-jmeter-5.6.3\bin;F:\Maven\apache-maven-3.9.11-bin\apache-maven-3.9.11\bin;F:\Anaconda\condabin;C:\Program Files\Common Files\Oracle\Java\javapath;D:\python 3.9.10\Scripts;D:\python 3.9.10;D:\MySql\mysql-8.0.30-winx64\mysql-8.0.30-winx64\bin;C:\WINDOWS\system32;C:\WINDOWS;C:\WINDOWS\System32\Wbem;C:\WINDOWS\System32\WindowsPowerShell\v1.0;C:\WINDOWS\System32\OpenSSH;E:\sumo\sumo-win64-1.8.0\sumo-1.8.0\tools;E:\sumo\sumo-win64-1.8.0\sumo-1.8.0;E:\sumo\sumo-win64-1.8.0\sumo-1.8.0\bin;D:\opencv\opencv\build\x64\vc15\bin;D:\opencv\opencv\build\x64\vc14\bin;C:\Program Files\dotnet;C:\Program Files\NVIDIA Corporation\NVSMI;D:\Git\cmd;F:\Anaconda;F:\Anaconda\Scripts;F:\Anaconda\Library\bin;F:\Anaconda\Library\usr\bin;F:\Anaconda\Library\mingw-w64\bin;C:\Users\10636\AppData\Roaming\Python\Python39\Scripts;F:\Anaconda;F:\Anaconda\Scripts;F:\Anaconda\Library\bin;F:\nodejs;F:\nodejs\node_modules;F:\nodejs\node_cache;F:\nodejs\node_global;F:\Anaconda\condabin;F:\Anaconda\condabin;F:\A;F:\IDEA-Ultimate\IntelliJ IDEA 2025.1.3\bin;;D:\Microsoft VS Code\bin;F:\Cursor\c
USERNAME=10636
OS=Windows_NT
PROCESSOR_IDENTIFIER=AMD64 Family 23 Model 96 Stepping 1, AuthenticAMD



---------------  S Y S T E M  ---------------

OS:
 Windows 10 , 64 bit Build 19041 (10.0.19041.5678)
OS uptime: 1 days 22:31 hours

CPU: total 16 (initial active 16) (16 cores per cpu, 2 threads per core) family 23 model 96 stepping 1 microcode 0x0, cx8, cmov, fxsr, ht, mmx, 3dnowpref, sse, sse2, sse3, ssse3, sse4a, sse4.1, sse4.2, popcnt, lzcnt, tsc, tscinvbit, avx, avx2, aes, clmul, bmi1, bmi2, adx, sha, fma, vzeroupper, clflush, clflushopt

Memory: 4k page, system-wide physical 15741M (3461M free)
TotalPageFile size 18604M (AvailPageFile size 5M)
current process WorkingSet (physical memory assigned to process): 12M, peak: 12M
current process commit charge ("private bytes"): 321M, peak: 325M

vm_info: Java HotSpot(TM) 64-Bit Server VM (17.0.12+8-LTS-286) for windows-amd64 JRE (17.0.12+8-LTS-286), built on Jun  5 2024 06:46:59 by "mach5one" with MS VC++ 17.6 (VS2022)

END.
